
-----
Test: tests/test_menu_links.py::test_link_reset (call)
Start time: 2023-03-29 16:19:14.373989
Start name method: authorization


-----
Test: tests/test_menu_links.py::test_link_reset (call)
Start time: 2023-03-29 16:19:14.374992
Start name method: open_url

End time: 2023-03-29 16:19:16.047776
End name method: open_url
URL: https://www.saucedemo.com/

-----

-----
Test: tests/test_menu_links.py::test_link_reset (call)
Start time: 2023-03-29 16:19:16.253517
Start name method: get_page_title

End time: 2023-03-29 16:19:16.282144
End name method: get_page_title
URL: https://www.saucedemo.com/inventory.html

-----

-----
Test: tests/test_menu_links.py::test_link_reset (call)
Start time: 2023-03-29 16:19:16.284169
Start name method: assert_text

End time: 2023-03-29 16:19:16.295371
End name method: assert_text
URL: https://www.saucedemo.com/inventory.html

-----
End time: 2023-03-29 16:19:16.297930
End name method: authorization
URL: https://www.saucedemo.com/inventory.html

-----

-----
Test: tests/test_menu_links.py::test_link_reset (call)
Start time: 2023-03-29 16:19:16.299060
Start name method: select_products


-----
Test: tests/test_menu_links.py::test_link_reset (call)
Start time: 2023-03-29 16:19:16.403191
Start name method: check_exists_by_xpath

End time: 2023-03-29 16:19:16.421858
End name method: check_exists_by_xpath
URL: https://www.saucedemo.com/inventory.html

-----

-----
Test: tests/test_menu_links.py::test_link_reset (call)
Start time: 2023-03-29 16:19:16.436405
Start name method: assert_text

End time: 2023-03-29 16:19:16.447540
End name method: assert_text
URL: https://www.saucedemo.com/inventory.html

-----
End time: 2023-03-29 16:19:16.450708
End name method: select_products
URL: https://www.saucedemo.com/inventory.html

-----

-----
Test: tests/test_menu_links.py::test_link_reset (call)
Start time: 2023-03-29 16:19:16.451735
Start name method: choose_reset


-----
Test: tests/test_menu_links.py::test_link_reset (call)
Start time: 2023-03-29 16:19:17.046760
Start name method: check_exists_by_xpath


-----
Test: tests/test_menu_links.py::test_link_reset (call)
Start time: 2023-03-29 16:19:47.390170
Start name method: assert_text

