
-----
Test: tests/test_menu_links.py::test_link_about (call)
Start time: 2023-03-30 13:52:18.022463
Start name method: authorization


-----
Test: tests/test_menu_links.py::test_link_about (call)
Start time: 2023-03-30 13:52:18.023470
Start name method: open_url

End time: 2023-03-30 13:52:19.574924
End name method: open_url
URL: https://www.saucedemo.com/

-----

-----
Test: tests/test_menu_links.py::test_link_about (call)
Start time: 2023-03-30 13:52:19.776709
Start name method: get_page_title

End time: 2023-03-30 13:52:19.806137
End name method: get_page_title
URL: https://www.saucedemo.com/inventory.html

-----

-----
Test: tests/test_menu_links.py::test_link_about (call)
Start time: 2023-03-30 13:52:19.807142
Start name method: assert_text

End time: 2023-03-30 13:52:19.815193
End name method: assert_text
URL: https://www.saucedemo.com/inventory.html

-----
End time: 2023-03-30 13:52:19.818193
End name method: authorization
URL: https://www.saucedemo.com/inventory.html

-----

-----
Test: tests/test_menu_links.py::test_link_about (call)
Start time: 2023-03-30 13:52:19.819194
Start name method: choose_about


-----
Test: tests/test_menu_links.py::test_link_about (call)
Start time: 2023-03-30 13:52:23.359800
Start name method: assert_url

End time: 2023-03-30 13:52:23.441231
End name method: assert_url
URL: https://saucelabs.com/

-----
End time: 2023-03-30 13:52:23.452472
End name method: choose_about
URL: https://saucelabs.com/

-----

-----
Test: tests/test_menu_links.py::test_link_logout (call)
Start time: 2023-03-30 13:52:26.745360
Start name method: authorization


-----
Test: tests/test_menu_links.py::test_link_logout (call)
Start time: 2023-03-30 13:52:26.746796
Start name method: open_url

End time: 2023-03-30 13:52:28.209949
End name method: open_url
URL: https://www.saucedemo.com/

-----

-----
Test: tests/test_menu_links.py::test_link_logout (call)
Start time: 2023-03-30 13:52:28.435064
Start name method: get_page_title

End time: 2023-03-30 13:52:28.470223
End name method: get_page_title
URL: https://www.saucedemo.com/inventory.html

-----

-----
Test: tests/test_menu_links.py::test_link_logout (call)
Start time: 2023-03-30 13:52:28.471226
Start name method: assert_text

End time: 2023-03-30 13:52:28.488684
End name method: assert_text
URL: https://www.saucedemo.com/inventory.html

-----
End time: 2023-03-30 13:52:28.491182
End name method: authorization
URL: https://www.saucedemo.com/inventory.html

-----

-----
Test: tests/test_menu_links.py::test_link_logout (call)
Start time: 2023-03-30 13:52:28.492289
Start name method: logout


-----
Test: tests/test_menu_links.py::test_link_logout (call)
Start time: 2023-03-30 13:52:29.088726
Start name method: assert_url

End time: 2023-03-30 13:52:29.093664
End name method: assert_url
URL: https://www.saucedemo.com/

-----
End time: 2023-03-30 13:52:29.096428
End name method: logout
URL: https://www.saucedemo.com/

-----

-----
Test: tests/test_menu_links.py::test_link_items (call)
Start time: 2023-03-30 13:52:32.317608
Start name method: authorization


-----
Test: tests/test_menu_links.py::test_link_items (call)
Start time: 2023-03-30 13:52:32.317608
Start name method: open_url

End time: 2023-03-30 13:52:33.818854
End name method: open_url
URL: https://www.saucedemo.com/

-----

-----
Test: tests/test_menu_links.py::test_link_items (call)
Start time: 2023-03-30 13:52:33.998860
Start name method: get_page_title

End time: 2023-03-30 13:52:34.027443
End name method: get_page_title
URL: https://www.saucedemo.com/inventory.html

-----

-----
Test: tests/test_menu_links.py::test_link_items (call)
Start time: 2023-03-30 13:52:34.028723
Start name method: assert_text

End time: 2023-03-30 13:52:34.037517
End name method: assert_text
URL: https://www.saucedemo.com/inventory.html

-----
End time: 2023-03-30 13:52:34.040037
End name method: authorization
URL: https://www.saucedemo.com/inventory.html

-----

-----
Test: tests/test_menu_links.py::test_link_items (call)
Start time: 2023-03-30 13:52:34.041227
Start name method: select_product_and_go_to_cart


-----
Test: tests/test_menu_links.py::test_link_items (call)
Start time: 2023-03-30 13:52:34.071675
Start name method: check_exists_by_xpath

End time: 2023-03-30 13:52:34.090675
End name method: check_exists_by_xpath
URL: https://www.saucedemo.com/inventory.html

-----

-----
Test: tests/test_menu_links.py::test_link_items (call)
Start time: 2023-03-30 13:52:34.104706
Start name method: assert_text

End time: 2023-03-30 13:52:34.116948
End name method: assert_text
URL: https://www.saucedemo.com/inventory.html

-----

-----
Test: tests/test_menu_links.py::test_link_items (call)
Start time: 2023-03-30 13:52:37.159040
Start name method: get_page_title

End time: 2023-03-30 13:52:37.180043
End name method: get_page_title
URL: https://www.saucedemo.com/cart.html

-----

-----
Test: tests/test_menu_links.py::test_link_items (call)
Start time: 2023-03-30 13:52:37.181547
Start name method: assert_text

End time: 2023-03-30 13:52:37.188550
End name method: assert_text
URL: https://www.saucedemo.com/cart.html

-----

-----
Test: tests/test_menu_links.py::test_link_items (call)
Start time: 2023-03-30 13:52:37.189550
Start name method: assert_url

End time: 2023-03-30 13:52:37.194583
End name method: assert_url
URL: https://www.saucedemo.com/cart.html

-----
End time: 2023-03-30 13:52:37.196591
End name method: select_product_and_go_to_cart
URL: https://www.saucedemo.com/cart.html

-----

-----
Test: tests/test_menu_links.py::test_link_items (call)
Start time: 2023-03-30 13:52:37.197591
Start name method: choose_all_items


-----
Test: tests/test_menu_links.py::test_link_items (call)
Start time: 2023-03-30 13:52:37.787904
Start name method: assert_url

End time: 2023-03-30 13:52:37.793926
End name method: assert_url
URL: https://www.saucedemo.com/inventory.html

-----
End time: 2023-03-30 13:52:37.796939
End name method: choose_all_items
URL: https://www.saucedemo.com/inventory.html

-----

-----
Test: tests/test_menu_links.py::test_link_reset (call)
Start time: 2023-03-30 13:52:40.865275
Start name method: authorization


-----
Test: tests/test_menu_links.py::test_link_reset (call)
Start time: 2023-03-30 13:52:40.865275
Start name method: open_url

End time: 2023-03-30 13:52:42.348894
End name method: open_url
URL: https://www.saucedemo.com/

-----

-----
Test: tests/test_menu_links.py::test_link_reset (call)
Start time: 2023-03-30 13:52:42.538539
Start name method: get_page_title

End time: 2023-03-30 13:52:42.569136
End name method: get_page_title
URL: https://www.saucedemo.com/inventory.html

-----

-----
Test: tests/test_menu_links.py::test_link_reset (call)
Start time: 2023-03-30 13:52:42.570135
Start name method: assert_text

End time: 2023-03-30 13:52:42.577799
End name method: assert_text
URL: https://www.saucedemo.com/inventory.html

-----
End time: 2023-03-30 13:52:42.580799
End name method: authorization
URL: https://www.saucedemo.com/inventory.html

-----

-----
Test: tests/test_menu_links.py::test_link_reset (call)
Start time: 2023-03-30 13:52:42.581799
Start name method: select_products


-----
Test: tests/test_menu_links.py::test_link_reset (call)
Start time: 2023-03-30 13:52:42.666509
Start name method: check_exists_by_xpath

End time: 2023-03-30 13:52:42.683111
End name method: check_exists_by_xpath
URL: https://www.saucedemo.com/inventory.html

-----

-----
Test: tests/test_menu_links.py::test_link_reset (call)
Start time: 2023-03-30 13:52:42.697076
Start name method: assert_text

End time: 2023-03-30 13:52:42.707718
End name method: assert_text
URL: https://www.saucedemo.com/inventory.html

-----
End time: 2023-03-30 13:52:42.711039
End name method: select_products
URL: https://www.saucedemo.com/inventory.html

-----

-----
Test: tests/test_menu_links.py::test_link_reset (call)
Start time: 2023-03-30 13:52:42.712042
Start name method: choose_reset


-----
Test: tests/test_menu_links.py::test_link_reset (call)
Start time: 2023-03-30 13:52:43.295906
Start name method: check_exists_by_xpath


-----
Test: tests/test_menu_links.py::test_link_reset (call)
Start time: 2023-03-30 13:53:13.652055
Start name method: assert_text

